<?xml version="1.0" encoding="UTF-8"?>
<testng-results skipped="0" failed="0" ignored="0" total="1" passed="1">
  <reporter-output>
  </reporter-output>
  <suite name="Default suite" duration-ms="24024" started-at="2019-09-27T03:30:57Z" finished-at="2019-09-27T03:31:21Z">
    <groups>
    </groups>
    <test name="Default test" duration-ms="24024" started-at="2019-09-27T03:30:57Z" finished-at="2019-09-27T03:31:21Z">
      <class name="com.automation.ScreenRecorder.TestDemo">
        <test-method status="PASS" signature="setUp()[pri:0, instance:com.automation.ScreenRecorder.TestDemo@61832929]" name="setUp" is-config="true" duration-ms="3959" started-at="2019-09-27T03:30:57Z" finished-at="2019-09-27T03:31:01Z">
          <reporter-output>
          </reporter-output>
        </test-method> <!-- setUp -->
        <test-method status="PASS" signature="navigationTest()[pri:0, instance:com.automation.ScreenRecorder.TestDemo@61832929]" name="navigationTest" duration-ms="20027" started-at="2019-09-27T03:31:01Z" finished-at="2019-09-27T03:31:21Z">
          <reporter-output>
          </reporter-output>
        </test-method> <!-- navigationTest -->
      </class> <!-- com.automation.ScreenRecorder.TestDemo -->
    </test> <!-- Default test -->
  </suite> <!-- Default suite -->
</testng-results>
